<?xml version="1.0" encoding="UTF-8"?>
<testng-results ignored="0" total="1" passed="1" failed="0" skipped="0">
  <reporter-output>
  </reporter-output>
  <suite started-at="2024-10-19T13:34:19 IST" name="Practice Suite" finished-at="2024-10-19T13:34:24 IST" duration-ms="4631">
    <groups>
    </groups>
    <test started-at="2024-10-19T13:34:19 IST" name="create Profile" finished-at="2024-10-19T13:34:24 IST" duration-ms="4631">
      <class name="mavenpratice.CreateProfile">
        <test-method signature="hello()[pri:0, instance:mavenpratice.CreateProfile@3911c2a7]" started-at="2024-10-19T13:34:19 IST" name="hello" finished-at="2024-10-19T13:34:24 IST" duration-ms="4569" status="PASS">
          <reporter-output>
          </reporter-output>
        </test-method> <!-- hello -->
      </class> <!-- mavenpratice.CreateProfile -->
    </test> <!-- create Profile -->
  </suite> <!-- Practice Suite -->
</testng-results>
